Arguments: 
  C:\Program Files\nodejs\node.exe C:\Program Files (x86)\Yarn\bin\yarn.js add express pg

PATH: 
  C:\Program Files\Common Files\Oracle\Java\javapath;C:\Program Files\Eclipse Adoptium\jdk-11.0.16.101-hotspot\bin;C:\Python310\Scripts\;C:\Python310\;C:\ProgramData\Oracle\Java\javapath;C:\WINDOWS\system32;C:\WINDOWS;C:\WINDOWS\System32\Wbem;C:\WINDOWS\System32\WindowsPowerShell\v1.0\;C:\WINDOWS\System32\OpenSSH\;C:\Program Files (x86)\Avest\AvPCM_nces;C:\Program Files\NVIDIA Corporation\NVIDIA NvDLISR;C:\Program Files (x86)\NVIDIA Corporation\PhysX\Common;C:\WINDOWS\system32;C:\WINDOWS;C:\WINDOWS\System32\Wbem;C:\WINDOWS\System32\WindowsPowerShell\v1.0\;C:\WINDOWS\System32\OpenSSH\;C:\Program Files (x86)\Yarn\bin\;C:\Program Files\Git\cmd;C:\ProgramData\chocolatey\bin;C:\Program Files\nodejs\;%JAVA_HOME%\bin;%LOCALAPPDATA%\Android\Sdk\platform-tools;C:\Users\Сергей\AppData\Local\Microsoft\WindowsApps;C:\Program Files\Microsoft VS Code\bin;C:\Users\Сергей\AppData\Local\Yarn\bin;C:\Users\Сергей\AppData\Roaming\npm

Yarn version: 
  1.22.5

Node version: 
  16.17.0

Platform: 
  win32 x64

Trace: 
  Error: ENOSPC: no space left on device, mkdir 'C:\Users\Сергей\AppData\Local\Yarn\Cache\v6\npm-depd-2.0.0-b696163cc757560d09cf22cc8fad1571b79e76df-integrity'

npm manifest: 
  {
    "name": "postgres_node",
    "version": "1.0.0",
    "main": "index.js",
    "license": "MIT"
  }

yarn manifest: 
  No manifest

Lockfile: 
  No lockfile
